<?xml version="1.0" encoding="utf-8"?><testsuites><testsuite errors="0" failures="0" hostname="wendu-PC" name="pytest" skipped="0" tests="3" time="11.697" timestamp="2020-06-09T14:02:54.606956"><testcase classname="test_hook" file="test_hook.py" line="0" name="test_hook_impl" time="9.428"></testcase><testcase classname="content.SC.t1_info.xml" file="content\SC\t1_info.xml" line="0" name="t1" time="1.059"></testcase><testcase classname="content.SC2.t2_info.xml" file="content\SC2\t2_info.xml" line="0" name="t2" time="1.016"></testcase></testsuite></testsuites>